<?xml version="1.0" encoding="UTF-8"?>
<!-- Generated by org.testng.reporters.JUnitXMLReporter -->
<testsuite hostname="SYN-MP11RA8M" name="Test" tests="3" failures="0" timestamp="11 Jan 2018 02:06:53 GMT" time="50.332" errors="0">
  <testcase name="activevisitTc" time="9.916" classname="org.Openmrs.tests.ActiveVisitTests"/>
  <testcase name="logintst" time="1.641" classname="org.Openmrs.tests.LoginTest"/>
  <testcase name="findrecord" time="5.423" classname="org.Openmrs.tests.FindPatientRecordTest"/>
</testsuite> <!-- Test -->
