<?xml version="1.0" encoding="UTF-8"?>
<!-- Generated by org.testng.reporters.JUnitXMLReporter -->
<testsuite hostname="SYN-MP11RA8M" name="Test" tests="3" failures="0" timestamp="18 Jan 2018 15:15:56 GMT" time="67.814" errors="0">
  <testcase name="activevisitTc" time="8.583" classname="org.Openmrs.tests.ActiveVisitTests"/>
  <testcase name="logintst" time="1.733" classname="org.Openmrs.tests.LoginTest"/>
  <testcase name="findrecord" time="5.289" classname="org.Openmrs.tests.FindPatientRecordTest"/>
</testsuite> <!-- Test -->
